<?xml version="1.0" encoding="UTF-8"?>
<!-- Generated by org.testng.reporters.JUnitReportReporter -->
<testsuite skipped="0" hostname="DESKTOP-2JV4QRQ" name="com.demo.api.runner.CommonRunner" tests="4" failures="0" timestamp="05 Nov 2023 06:52:53 GMT" time="3.763" errors="0">
  <testcase name="runScenario" time="0.574" classname="com.demo.api.runner.CommonRunner"/>
  <testcase name="runScenario" time="0.000" classname="com.demo.api.runner.CommonRunner"/>
  <testcase name="runScenario" time="0.585" classname="com.demo.api.runner.CommonRunner"/>
  <testcase name="runScenario" time="2.604" classname="com.demo.api.runner.CommonRunner"/>
</testsuite> <!-- com.demo.api.runner.CommonRunner -->
